<?xml version="1.0" encoding="UTF-8"?>
<coverage generated="1597144384544" clover="3.2.0">
  <project timestamp="1597144384544" name="All files">
    <metrics statements="39" coveredstatements="39" conditionals="36" coveredconditionals="34" methods="15" coveredmethods="15" elements="90" coveredelements="88" complexity="0" loc="39" ncloc="39" packages="4" files="6" classes="6"/>
    <package name="actions">
      <metrics statements="9" coveredstatements="9" conditionals="7" coveredconditionals="6" methods="8" coveredmethods="8"/>
      <file name="expenses.js" path="C:\Users\Ali\Desktop\NEW REACT\expensify\src\actions\expenses.js">
        <metrics statements="4" coveredstatements="4" conditionals="6" coveredconditionals="5" methods="3" coveredmethods="3"/>
        <line num="3" count="1" type="stmt"/>
        <line num="10" count="2" type="stmt"/>
        <line num="21" count="1" type="cond" truecount="0" falsecount="1"/>
        <line num="26" count="1" type="stmt"/>
      </file>
      <file name="filters.js" path="C:\Users\Ali\Desktop\NEW REACT\expensify\src\actions\filters.js">
        <metrics statements="5" coveredstatements="5" conditionals="1" coveredconditionals="1" methods="5" coveredmethods="5"/>
        <line num="1" count="2" type="cond" truecount="1" falsecount="0"/>
        <line num="6" count="1" type="stmt"/>
        <line num="10" count="1" type="stmt"/>
        <line num="14" count="1" type="stmt"/>
        <line num="19" count="1" type="stmt"/>
      </file>
    </package>
    <package name="reducers">
      <metrics statements="19" coveredstatements="19" conditionals="14" coveredconditionals="14" methods="4" coveredmethods="4"/>
      <file name="expenses.js" path="C:\Users\Ali\Desktop\NEW REACT\expensify\src\reducers\expenses.js">
        <metrics statements="10" coveredstatements="10" conditionals="7" coveredconditionals="7" methods="3" coveredmethods="3"/>
        <line num="1" count="1" type="stmt"/>
        <line num="3" count="1" type="cond" truecount="1" falsecount="0"/>
        <line num="4" count="6" type="cond" truecount="4" falsecount="0"/>
        <line num="6" count="1" type="stmt"/>
        <line num="11" count="6" type="stmt"/>
        <line num="13" count="2" type="stmt"/>
        <line num="14" count="6" type="cond" truecount="2" falsecount="0"/>
        <line num="15" count="1" type="stmt"/>
        <line num="20" count="5" type="stmt"/>
        <line num="24" count="1" type="stmt"/>
      </file>
      <file name="filters.js" path="C:\Users\Ali\Desktop\NEW REACT\expensify\src\reducers\filters.js">
        <metrics statements="9" coveredstatements="9" conditionals="7" coveredconditionals="7" methods="1" coveredmethods="1"/>
        <line num="3" count="1" type="stmt"/>
        <line num="10" count="1" type="cond" truecount="1" falsecount="0"/>
        <line num="11" count="6" type="cond" truecount="6" falsecount="0"/>
        <line num="13" count="1" type="stmt"/>
        <line num="18" count="1" type="stmt"/>
        <line num="23" count="1" type="stmt"/>
        <line num="28" count="1" type="stmt"/>
        <line num="33" count="1" type="stmt"/>
        <line num="38" count="1" type="stmt"/>
      </file>
    </package>
    <package name="selectors">
      <metrics statements="11" coveredstatements="11" conditionals="15" coveredconditionals="14" methods="3" coveredmethods="3"/>
      <file name="expenses.js" path="C:\Users\Ali\Desktop\NEW REACT\expensify\src\selectors\expenses.js">
        <metrics statements="11" coveredstatements="11" conditionals="15" coveredconditionals="14" methods="3" coveredmethods="3"/>
        <line num="3" count="1" type="stmt"/>
        <line num="4" count="5" type="stmt"/>
        <line num="5" count="15" type="stmt"/>
        <line num="6" count="15" type="cond" truecount="2" falsecount="0"/>
        <line num="7" count="15" type="cond" truecount="2" falsecount="0"/>
        <line num="8" count="15" type="stmt"/>
        <line num="10" count="15" type="cond" truecount="3" falsecount="0"/>
        <line num="12" count="11" type="cond" truecount="2" falsecount="0"/>
        <line num="13" count="7" type="cond" truecount="2" falsecount="0"/>
        <line num="14" count="4" type="cond" truecount="1" falsecount="1"/>
        <line num="15" count="4" type="cond" truecount="2" falsecount="0"/>
      </file>
    </package>
    <package name="tests.fixtures">
      <metrics statements="0" coveredstatements="0" conditionals="0" coveredconditionals="0" methods="0" coveredmethods="0"/>
      <file name="expenses.js" path="C:\Users\Ali\Desktop\NEW REACT\expensify\src\tests\fixtures\expenses.js">
        <metrics statements="0" coveredstatements="0" conditionals="0" coveredconditionals="0" methods="0" coveredmethods="0"/>
      </file>
    </package>
  </project>
</coverage>
