{"C:\\Users\\Ali\\Desktop\\NEW REACT\\expensify\\src\\actions\\expenses.js": {"path":"C:\\Users\\Ali\\Desktop\\NEW REACT\\expensify\\src\\actions\\expenses.js","statementMap":{"0":{"start":{"line":3,"column":26},"end":{"line":19,"column":2}},"1":{"start":{"line":10,"column":6},"end":{"line":19,"column":1}},"2":{"start":{"line":21,"column":29},"end":{"line":24,"column":2}},"3":{"start":{"line":21,"column":47},"end":{"line":24,"column":1}},"4":{"start":{"line":26,"column":27},"end":{"line":30,"column":2}},"5":{"start":{"line":26,"column":45},"end":{"line":30,"column":1}}},"fnMap":{"0":{"name":"(anonymous_0)","decl":{"start":{"line":3,"column":26},"end":{"line":3,"column":27}},"loc":{"start":{"line":10,"column":6},"end":{"line":19,"column":1}},"line":10},"1":{"name":"(anonymous_1)","decl":{"start":{"line":21,"column":29},"end":{"line":21,"column":30}},"loc":{"start":{"line":21,"column":47},"end":{"line":24,"column":1}},"line":21},"2":{"name":"(anonymous_2)","decl":{"start":{"line":26,"column":27},"end":{"line":26,"column":28}},"loc":{"start":{"line":26,"column":45},"end":{"line":30,"column":1}},"line":26}},"branchMap":{"0":{"loc":{"start":{"line":4,"column":4},"end":{"line":9,"column":10}},"type":"default-arg","locations":[{"start":{"line":9,"column":8},"end":{"line":9,"column":10}}],"line":4},"1":{"loc":{"start":{"line":5,"column":8},"end":{"line":5,"column":24}},"type":"default-arg","locations":[{"start":{"line":5,"column":22},"end":{"line":5,"column":24}}],"line":5},"2":{"loc":{"start":{"line":6,"column":8},"end":{"line":6,"column":17}},"type":"default-arg","locations":[{"start":{"line":6,"column":15},"end":{"line":6,"column":17}}],"line":6},"3":{"loc":{"start":{"line":7,"column":8},"end":{"line":7,"column":18}},"type":"default-arg","locations":[{"start":{"line":7,"column":17},"end":{"line":7,"column":18}}],"line":7},"4":{"loc":{"start":{"line":8,"column":8},"end":{"line":8,"column":21}},"type":"default-arg","locations":[{"start":{"line":8,"column":20},"end":{"line":8,"column":21}}],"line":8},"5":{"loc":{"start":{"line":21,"column":30},"end":{"line":21,"column":41}},"type":"default-arg","locations":[{"start":{"line":21,"column":39},"end":{"line":21,"column":41}}],"line":21}},"s":{"0":1,"1":2,"2":1,"3":1,"4":1,"5":1},"f":{"0":2,"1":1,"2":1},"b":{"0":[1],"1":[1],"2":[1],"3":[1],"4":[1],"5":[0]},"_coverageSchema":"1a1c01bbd47fc00a2c39e90264f33305004495a9","hash":"656ebeacacdcef5240efcd0654aa13152d14390d"}
,"C:\\Users\\Ali\\Desktop\\NEW REACT\\expensify\\src\\actions\\filters.js": {"path":"C:\\Users\\Ali\\Desktop\\NEW REACT\\expensify\\src\\actions\\filters.js","statementMap":{"0":{"start":{"line":1,"column":29},"end":{"line":4,"column":2}},"1":{"start":{"line":1,"column":45},"end":{"line":4,"column":1}},"2":{"start":{"line":6,"column":26},"end":{"line":8,"column":2}},"3":{"start":{"line":6,"column":33},"end":{"line":8,"column":1}},"4":{"start":{"line":10,"column":28},"end":{"line":12,"column":2}},"5":{"start":{"line":10,"column":35},"end":{"line":12,"column":1}},"6":{"start":{"line":14,"column":28},"end":{"line":17,"column":2}},"7":{"start":{"line":14,"column":44},"end":{"line":17,"column":1}},"8":{"start":{"line":19,"column":26},"end":{"line":22,"column":2}},"9":{"start":{"line":19,"column":40},"end":{"line":22,"column":1}}},"fnMap":{"0":{"name":"(anonymous_0)","decl":{"start":{"line":1,"column":29},"end":{"line":1,"column":30}},"loc":{"start":{"line":1,"column":45},"end":{"line":4,"column":1}},"line":1},"1":{"name":"(anonymous_1)","decl":{"start":{"line":6,"column":26},"end":{"line":6,"column":27}},"loc":{"start":{"line":6,"column":33},"end":{"line":8,"column":1}},"line":6},"2":{"name":"(anonymous_2)","decl":{"start":{"line":10,"column":28},"end":{"line":10,"column":29}},"loc":{"start":{"line":10,"column":35},"end":{"line":12,"column":1}},"line":10},"3":{"name":"(anonymous_3)","decl":{"start":{"line":14,"column":28},"end":{"line":14,"column":29}},"loc":{"start":{"line":14,"column":44},"end":{"line":17,"column":1}},"line":14},"4":{"name":"(anonymous_4)","decl":{"start":{"line":19,"column":26},"end":{"line":19,"column":27}},"loc":{"start":{"line":19,"column":40},"end":{"line":22,"column":1}},"line":19}},"branchMap":{"0":{"loc":{"start":{"line":1,"column":30},"end":{"line":1,"column":39}},"type":"default-arg","locations":[{"start":{"line":1,"column":37},"end":{"line":1,"column":39}}],"line":1}},"s":{"0":1,"1":2,"2":1,"3":1,"4":1,"5":1,"6":1,"7":1,"8":1,"9":1},"f":{"0":2,"1":1,"2":1,"3":1,"4":1},"b":{"0":[1]},"_coverageSchema":"1a1c01bbd47fc00a2c39e90264f33305004495a9","hash":"cec299335d9a8d7038e40594ab8761543d8676a8"}
,"C:\\Users\\Ali\\Desktop\\NEW REACT\\expensify\\src\\reducers\\expenses.js": {"path":"C:\\Users\\Ali\\Desktop\\NEW REACT\\expensify\\src\\reducers\\expenses.js","statementMap":{"0":{"start":{"line":1,"column":36},"end":{"line":1,"column":38}},"1":{"start":{"line":3,"column":24},"end":{"line":26,"column":1}},"2":{"start":{"line":4,"column":4},"end":{"line":25,"column":5}},"3":{"start":{"line":6,"column":12},"end":{"line":9,"column":14}},"4":{"start":{"line":11,"column":12},"end":{"line":11,"column":62}},"5":{"start":{"line":11,"column":44},"end":{"line":11,"column":60}},"6":{"start":{"line":13,"column":12},"end":{"line":22,"column":15}},"7":{"start":{"line":14,"column":16},"end":{"line":21,"column":17}},"8":{"start":{"line":15,"column":20},"end":{"line":18,"column":21}},"9":{"start":{"line":20,"column":20},"end":{"line":20,"column":34}},"10":{"start":{"line":24,"column":12},"end":{"line":24,"column":25}}},"fnMap":{"0":{"name":"(anonymous_0)","decl":{"start":{"line":3,"column":24},"end":{"line":3,"column":25}},"loc":{"start":{"line":3,"column":73},"end":{"line":26,"column":1}},"line":3},"1":{"name":"(anonymous_1)","decl":{"start":{"line":11,"column":32},"end":{"line":11,"column":33}},"loc":{"start":{"line":11,"column":44},"end":{"line":11,"column":60}},"line":11},"2":{"name":"(anonymous_2)","decl":{"start":{"line":13,"column":29},"end":{"line":13,"column":30}},"loc":{"start":{"line":13,"column":42},"end":{"line":22,"column":13}},"line":13}},"branchMap":{"0":{"loc":{"start":{"line":3,"column":25},"end":{"line":3,"column":60}},"type":"default-arg","locations":[{"start":{"line":3,"column":33},"end":{"line":3,"column":60}}],"line":3},"1":{"loc":{"start":{"line":4,"column":4},"end":{"line":25,"column":5}},"type":"switch","locations":[{"start":{"line":5,"column":8},"end":{"line":9,"column":14}},{"start":{"line":10,"column":8},"end":{"line":11,"column":62}},{"start":{"line":12,"column":8},"end":{"line":22,"column":15}},{"start":{"line":23,"column":8},"end":{"line":24,"column":25}}],"line":4},"2":{"loc":{"start":{"line":14,"column":16},"end":{"line":21,"column":17}},"type":"if","locations":[{"start":{"line":14,"column":16},"end":{"line":21,"column":17}},{"start":{"line":14,"column":16},"end":{"line":21,"column":17}}],"line":14}},"s":{"0":1,"1":1,"2":6,"3":1,"4":2,"5":6,"6":2,"7":6,"8":1,"9":5,"10":1},"f":{"0":6,"1":6,"2":6},"b":{"0":[1],"1":[1,2,2,1],"2":[1,5]},"_coverageSchema":"1a1c01bbd47fc00a2c39e90264f33305004495a9","hash":"bacb1aed23bbee9e795ce6775ca0e9a6d2b9e79e"}
,"C:\\Users\\Ali\\Desktop\\NEW REACT\\expensify\\src\\reducers\\filters.js": {"path":"C:\\Users\\Ali\\Desktop\\NEW REACT\\expensify\\src\\reducers\\filters.js","statementMap":{"0":{"start":{"line":3,"column":35},"end":{"line":8,"column":1}},"1":{"start":{"line":10,"column":23},"end":{"line":40,"column":1}},"2":{"start":{"line":11,"column":4},"end":{"line":39,"column":5}},"3":{"start":{"line":13,"column":12},"end":{"line":16,"column":14}},"4":{"start":{"line":18,"column":12},"end":{"line":21,"column":14}},"5":{"start":{"line":23,"column":12},"end":{"line":26,"column":14}},"6":{"start":{"line":28,"column":12},"end":{"line":31,"column":14}},"7":{"start":{"line":33,"column":12},"end":{"line":36,"column":14}},"8":{"start":{"line":38,"column":12},"end":{"line":38,"column":25}}},"fnMap":{"0":{"name":"(anonymous_0)","decl":{"start":{"line":10,"column":23},"end":{"line":10,"column":24}},"loc":{"start":{"line":10,"column":71},"end":{"line":40,"column":1}},"line":10}},"branchMap":{"0":{"loc":{"start":{"line":10,"column":24},"end":{"line":10,"column":58}},"type":"default-arg","locations":[{"start":{"line":10,"column":32},"end":{"line":10,"column":58}}],"line":10},"1":{"loc":{"start":{"line":11,"column":4},"end":{"line":39,"column":5}},"type":"switch","locations":[{"start":{"line":12,"column":8},"end":{"line":16,"column":14}},{"start":{"line":17,"column":8},"end":{"line":21,"column":14}},{"start":{"line":22,"column":8},"end":{"line":26,"column":14}},{"start":{"line":27,"column":8},"end":{"line":31,"column":14}},{"start":{"line":32,"column":8},"end":{"line":36,"column":14}},{"start":{"line":37,"column":8},"end":{"line":38,"column":25}}],"line":11}},"s":{"0":1,"1":1,"2":6,"3":1,"4":1,"5":1,"6":1,"7":1,"8":1},"f":{"0":6},"b":{"0":[5],"1":[1,1,1,1,1,1]},"_coverageSchema":"1a1c01bbd47fc00a2c39e90264f33305004495a9","hash":"ae97eeacd03e7dcc352493593c8d51e636e4e6c8"}
,"C:\\Users\\Ali\\Desktop\\NEW REACT\\expensify\\src\\selectors\\expenses.js": {"path":"C:\\Users\\Ali\\Desktop\\NEW REACT\\expensify\\src\\selectors\\expenses.js","statementMap":{"0":{"start":{"line":3,"column":27},"end":{"line":18,"column":1}},"1":{"start":{"line":4,"column":4},"end":{"line":17,"column":7}},"2":{"start":{"line":5,"column":32},"end":{"line":5,"column":57}},"3":{"start":{"line":6,"column":31},"end":{"line":6,"column":98}},"4":{"start":{"line":7,"column":29},"end":{"line":7,"column":91}},"5":{"start":{"line":8,"column":26},"end":{"line":8,"column":88}},"6":{"start":{"line":10,"column":8},"end":{"line":10,"column":59}},"7":{"start":{"line":12,"column":8},"end":{"line":16,"column":9}},"8":{"start":{"line":13,"column":12},"end":{"line":13,"column":54}},"9":{"start":{"line":14,"column":15},"end":{"line":16,"column":9}},"10":{"start":{"line":15,"column":12},"end":{"line":15,"column":48}}},"fnMap":{"0":{"name":"(anonymous_0)","decl":{"start":{"line":3,"column":27},"end":{"line":3,"column":28}},"loc":{"start":{"line":3,"column":79},"end":{"line":18,"column":1}},"line":3},"1":{"name":"(anonymous_1)","decl":{"start":{"line":4,"column":27},"end":{"line":4,"column":28}},"loc":{"start":{"line":4,"column":40},"end":{"line":11,"column":5}},"line":4},"2":{"name":"(anonymous_2)","decl":{"start":{"line":11,"column":12},"end":{"line":11,"column":13}},"loc":{"start":{"line":11,"column":22},"end":{"line":17,"column":5}},"line":11}},"branchMap":{"0":{"loc":{"start":{"line":6,"column":31},"end":{"line":6,"column":98}},"type":"cond-expr","locations":[{"start":{"line":6,"column":43},"end":{"line":6,"column":91}},{"start":{"line":6,"column":94},"end":{"line":6,"column":98}}],"line":6},"1":{"loc":{"start":{"line":7,"column":29},"end":{"line":7,"column":91}},"type":"cond-expr","locations":[{"start":{"line":7,"column":39},"end":{"line":7,"column":84}},{"start":{"line":7,"column":87},"end":{"line":7,"column":91}}],"line":7},"2":{"loc":{"start":{"line":10,"column":15},"end":{"line":10,"column":58}},"type":"binary-expr","locations":[{"start":{"line":10,"column":15},"end":{"line":10,"column":29}},{"start":{"line":10,"column":33},"end":{"line":10,"column":45}},{"start":{"line":10,"column":49},"end":{"line":10,"column":58}}],"line":10},"3":{"loc":{"start":{"line":12,"column":8},"end":{"line":16,"column":9}},"type":"if","locations":[{"start":{"line":12,"column":8},"end":{"line":16,"column":9}},{"start":{"line":12,"column":8},"end":{"line":16,"column":9}}],"line":12},"4":{"loc":{"start":{"line":13,"column":19},"end":{"line":13,"column":53}},"type":"cond-expr","locations":[{"start":{"line":13,"column":47},"end":{"line":13,"column":48}},{"start":{"line":13,"column":51},"end":{"line":13,"column":53}}],"line":13},"5":{"loc":{"start":{"line":14,"column":15},"end":{"line":16,"column":9}},"type":"if","locations":[{"start":{"line":14,"column":15},"end":{"line":16,"column":9}},{"start":{"line":14,"column":15},"end":{"line":16,"column":9}}],"line":14},"6":{"loc":{"start":{"line":15,"column":19},"end":{"line":15,"column":47}},"type":"cond-expr","locations":[{"start":{"line":15,"column":41},"end":{"line":15,"column":42}},{"start":{"line":15,"column":45},"end":{"line":15,"column":47}}],"line":15}},"s":{"0":1,"1":5,"2":15,"3":15,"4":15,"5":15,"6":15,"7":11,"8":7,"9":4,"10":4},"f":{"0":5,"1":15,"2":11},"b":{"0":[3,12],"1":[3,12],"2":[15,14,13],"3":[7,4],"4":[2,5],"5":[4,0],"6":[2,2]},"_coverageSchema":"1a1c01bbd47fc00a2c39e90264f33305004495a9","hash":"3d85f97dc56e698dba0074a6252a6a8c1879143f"}
,"C:\\Users\\Ali\\Desktop\\NEW REACT\\expensify\\src\\tests\\fixtures\\expenses.js": {"path":"C:\\Users\\Ali\\Desktop\\NEW REACT\\expensify\\src\\tests\\fixtures\\expenses.js","statementMap":{},"fnMap":{},"branchMap":{},"s":{},"f":{},"b":{},"_coverageSchema":"1a1c01bbd47fc00a2c39e90264f33305004495a9","hash":"ca6db1d34440fd8a0a1923e4150b28185c9c7343"}
}
