TN:
SF:src\actions\expenses.js
FN:3,(anonymous_0)
FN:21,(anonymous_1)
FN:26,(anonymous_2)
FNF:3
FNH:3
FNDA:2,(anonymous_0)
FNDA:1,(anonymous_1)
FNDA:1,(anonymous_2)
DA:3,1
DA:10,2
DA:21,1
DA:26,1
LF:4
LH:4
BRDA:4,0,0,1
BRDA:5,1,0,1
BRDA:6,2,0,1
BRDA:7,3,0,1
BRDA:8,4,0,1
BRDA:21,5,0,0
BRF:6
BRH:5
end_of_record
TN:
SF:src\actions\filters.js
FN:1,(anonymous_0)
FN:6,(anonymous_1)
FN:10,(anonymous_2)
FN:14,(anonymous_3)
FN:19,(anonymous_4)
FNF:5
FNH:5
FNDA:2,(anonymous_0)
FNDA:1,(anonymous_1)
FNDA:1,(anonymous_2)
FNDA:1,(anonymous_3)
FNDA:1,(anonymous_4)
DA:1,2
DA:6,1
DA:10,1
DA:14,1
DA:19,1
LF:5
LH:5
BRDA:1,0,0,1
BRF:1
BRH:1
end_of_record
TN:
SF:src\reducers\expenses.js
FN:3,(anonymous_0)
FN:11,(anonymous_1)
FN:13,(anonymous_2)
FNF:3
FNH:3
FNDA:6,(anonymous_0)
FNDA:6,(anonymous_1)
FNDA:6,(anonymous_2)
DA:1,1
DA:3,1
DA:4,6
DA:6,1
DA:11,6
DA:13,2
DA:14,6
DA:15,1
DA:20,5
DA:24,1
LF:10
LH:10
BRDA:3,0,0,1
BRDA:4,1,0,1
BRDA:4,1,1,2
BRDA:4,1,2,2
BRDA:4,1,3,1
BRDA:14,2,0,1
BRDA:14,2,1,5
BRF:7
BRH:7
end_of_record
TN:
SF:src\reducers\filters.js
FN:10,(anonymous_0)
FNF:1
FNH:1
FNDA:6,(anonymous_0)
DA:3,1
DA:10,1
DA:11,6
DA:13,1
DA:18,1
DA:23,1
DA:28,1
DA:33,1
DA:38,1
LF:9
LH:9
BRDA:10,0,0,5
BRDA:11,1,0,1
BRDA:11,1,1,1
BRDA:11,1,2,1
BRDA:11,1,3,1
BRDA:11,1,4,1
BRDA:11,1,5,1
BRF:7
BRH:7
end_of_record
TN:
SF:src\selectors\expenses.js
FN:3,(anonymous_0)
FN:4,(anonymous_1)
FN:11,(anonymous_2)
FNF:3
FNH:3
FNDA:5,(anonymous_0)
FNDA:15,(anonymous_1)
FNDA:11,(anonymous_2)
DA:3,1
DA:4,5
DA:5,15
DA:6,15
DA:7,15
DA:8,15
DA:10,15
DA:12,11
DA:13,7
DA:14,4
DA:15,4
LF:11
LH:11
BRDA:6,0,0,3
BRDA:6,0,1,12
BRDA:7,1,0,3
BRDA:7,1,1,12
BRDA:10,2,0,15
BRDA:10,2,1,14
BRDA:10,2,2,13
BRDA:12,3,0,7
BRDA:12,3,1,4
BRDA:13,4,0,2
BRDA:13,4,1,5
BRDA:14,5,0,4
BRDA:14,5,1,0
BRDA:15,6,0,2
BRDA:15,6,1,2
BRF:15
BRH:14
end_of_record
TN:
SF:src\tests\fixtures\expenses.js
FNF:0
FNH:0
LF:0
LH:0
BRF:0
BRH:0
end_of_record
